<?xml version="1.0" encoding="UTF-8"?>
<testsuite xmlns:xsi="http://www.w3.org/2001/XMLSchema-instance" xsi:noNamespaceSchemaLocation="https://maven.apache.org/surefire/maven-surefire-plugin/xsd/surefire-test-report-3.0.xsd" version="3.0" name="zest.LongestIncreasingSubsequenceTest" time="0.117" tests="7" errors="0" skipped="0" failures="0">
  <properties>
    <property name="sun.desktop" value="windows"/>
    <property name="awt.toolkit" value="sun.awt.windows.WToolkit"/>
    <property name="java.specification.version" value="11"/>
    <property name="sun.cpu.isalist" value="amd64"/>
    <property name="sun.jnu.encoding" value="Cp1252"/>
    <property name="java.class.path" value="C:\Users\konst\OneDrive\UZH\FS24\Effective Software Testing\assignment02\assignment02\LongestIncreasingSubsequence\target\test-classes;C:\Users\konst\OneDrive\UZH\FS24\Effective Software Testing\assignment02\assignment02\LongestIncreasingSubsequence\target\classes;C:\Users\konst\.m2\repository\org\junit\jupiter\junit-jupiter\5.10.2\junit-jupiter-5.10.2.jar;C:\Users\konst\.m2\repository\org\junit\jupiter\junit-jupiter-api\5.10.2\junit-jupiter-api-5.10.2.jar;C:\Users\konst\.m2\repository\org\opentest4j\opentest4j\1.3.0\opentest4j-1.3.0.jar;C:\Users\konst\.m2\repository\org\junit\platform\junit-platform-commons\1.10.2\junit-platform-commons-1.10.2.jar;C:\Users\konst\.m2\repository\org\junit\jupiter\junit-jupiter-params\5.10.2\junit-jupiter-params-5.10.2.jar;C:\Users\konst\.m2\repository\org\junit\jupiter\junit-jupiter-engine\5.10.2\junit-jupiter-engine-5.10.2.jar;C:\Users\konst\.m2\repository\org\junit\platform\junit-platform-engine\1.10.2\junit-platform-engine-1.10.2.jar;C:\Users\konst\.m2\repository\net\jqwik\jqwik\1.8.4\jqwik-1.8.4.jar;C:\Users\konst\.m2\repository\org\apiguardian\apiguardian-api\1.1.2\apiguardian-api-1.1.2.jar;C:\Users\konst\.m2\repository\net\jqwik\jqwik-api\1.8.4\jqwik-api-1.8.4.jar;C:\Users\konst\.m2\repository\net\jqwik\jqwik-web\1.8.4\jqwik-web-1.8.4.jar;C:\Users\konst\.m2\repository\net\jqwik\jqwik-time\1.8.4\jqwik-time-1.8.4.jar;C:\Users\konst\.m2\repository\net\jqwik\jqwik-engine\1.8.4\jqwik-engine-1.8.4.jar;"/>
    <property name="java.vm.vendor" value="Oracle Corporation"/>
    <property name="sun.arch.data.model" value="64"/>
    <property name="user.variant" value=""/>
    <property name="java.vendor.url" value="https://openjdk.java.net/"/>
    <property name="user.timezone" value="Europe/Zurich"/>
    <property name="user.country.format" value="CH"/>
    <property name="java.vm.specification.version" value="11"/>
    <property name="os.name" value="Windows 11"/>
    <property name="sun.java.launcher" value="SUN_STANDARD"/>
    <property name="user.country" value="US"/>
    <property name="sun.boot.library.path" value="C:\Program Files\Java\jdk-11\bin"/>
    <property name="sun.java.command" value="C:\Users\konst\AppData\Local\Temp\surefire11148551158714743301\surefirebooter-20240415101709431_3.jar C:\Users\konst\AppData\Local\Temp\surefire11148551158714743301 2024-04-15T10-17-09_073-jvmRun1 surefire-20240415101709431_1tmp surefire_0-20240415101709431_2tmp"/>
    <property name="jdk.debug" value="release"/>
    <property name="surefire.test.class.path" value="C:\Users\konst\OneDrive\UZH\FS24\Effective Software Testing\assignment02\assignment02\LongestIncreasingSubsequence\target\test-classes;C:\Users\konst\OneDrive\UZH\FS24\Effective Software Testing\assignment02\assignment02\LongestIncreasingSubsequence\target\classes;C:\Users\konst\.m2\repository\org\junit\jupiter\junit-jupiter\5.10.2\junit-jupiter-5.10.2.jar;C:\Users\konst\.m2\repository\org\junit\jupiter\junit-jupiter-api\5.10.2\junit-jupiter-api-5.10.2.jar;C:\Users\konst\.m2\repository\org\opentest4j\opentest4j\1.3.0\opentest4j-1.3.0.jar;C:\Users\konst\.m2\repository\org\junit\platform\junit-platform-commons\1.10.2\junit-platform-commons-1.10.2.jar;C:\Users\konst\.m2\repository\org\junit\jupiter\junit-jupiter-params\5.10.2\junit-jupiter-params-5.10.2.jar;C:\Users\konst\.m2\repository\org\junit\jupiter\junit-jupiter-engine\5.10.2\junit-jupiter-engine-5.10.2.jar;C:\Users\konst\.m2\repository\org\junit\platform\junit-platform-engine\1.10.2\junit-platform-engine-1.10.2.jar;C:\Users\konst\.m2\repository\net\jqwik\jqwik\1.8.4\jqwik-1.8.4.jar;C:\Users\konst\.m2\repository\org\apiguardian\apiguardian-api\1.1.2\apiguardian-api-1.1.2.jar;C:\Users\konst\.m2\repository\net\jqwik\jqwik-api\1.8.4\jqwik-api-1.8.4.jar;C:\Users\konst\.m2\repository\net\jqwik\jqwik-web\1.8.4\jqwik-web-1.8.4.jar;C:\Users\konst\.m2\repository\net\jqwik\jqwik-time\1.8.4\jqwik-time-1.8.4.jar;C:\Users\konst\.m2\repository\net\jqwik\jqwik-engine\1.8.4\jqwik-engine-1.8.4.jar;"/>
    <property name="sun.cpu.endian" value="little"/>
    <property name="user.home" value="C:\Users\konst"/>
    <property name="user.language" value="en"/>
    <property name="java.specification.vendor" value="Oracle Corporation"/>
    <property name="java.version.date" value="2023-10-17"/>
    <property name="java.home" value="C:\Program Files\Java\jdk-11"/>
    <property name="file.separator" value="\"/>
    <property name="basedir" value="C:\Users\konst\OneDrive\UZH\FS24\Effective Software Testing\assignment02\assignment02\LongestIncreasingSubsequence"/>
    <property name="java.vm.compressedOopsMode" value="Zero based"/>
    <property name="line.separator" value="&#10;"/>
    <property name="java.specification.name" value="Java Platform API Specification"/>
    <property name="java.vm.specification.vendor" value="Oracle Corporation"/>
    <property name="java.awt.graphicsenv" value="sun.awt.Win32GraphicsEnvironment"/>
    <property name="surefire.real.class.path" value="C:\Users\konst\AppData\Local\Temp\surefire11148551158714743301\surefirebooter-20240415101709431_3.jar"/>
    <property name="user.script" value=""/>
    <property name="sun.management.compiler" value="HotSpot 64-Bit Tiered Compilers"/>
    <property name="java.runtime.version" value="11.0.21+9-LTS-193"/>
    <property name="user.name" value="konst"/>
    <property name="path.separator" value=";"/>
    <property name="os.version" value="10.0"/>
    <property name="java.runtime.name" value="Java(TM) SE Runtime Environment"/>
    <property name="file.encoding" value="Cp1252"/>
    <property name="java.vm.name" value="Java HotSpot(TM) 64-Bit Server VM"/>
    <property name="java.vendor.version" value="18.9"/>
    <property name="localRepository" value="C:\Users\konst\.m2\repository"/>
    <property name="java.vendor.url.bug" value="https://bugreport.java.com/bugreport/"/>
    <property name="java.io.tmpdir" value="C:\Users\konst\AppData\Local\Temp\"/>
    <property name="java.version" value="11.0.21"/>
    <property name="user.dir" value="C:\Users\konst\OneDrive\UZH\FS24\Effective Software Testing\assignment02\assignment02\LongestIncreasingSubsequence"/>
    <property name="os.arch" value="amd64"/>
    <property name="java.vm.specification.name" value="Java Virtual Machine Specification"/>
    <property name="java.awt.printerjob" value="sun.awt.windows.WPrinterJob"/>
    <property name="sun.os.patch.level" value=""/>
    <property name="java.library.path" value="C:\Program Files\Java\jdk-11\bin;C:\WINDOWS\Sun\Java\bin;C:\WINDOWS\system32;C:\WINDOWS;C:\Users\konst\anaconda3;C:\Users\konst\anaconda3\Library\mingw-w64\bin;C:\Users\konst\anaconda3\Library\usr\bin;C:\Users\konst\anaconda3\Library\bin;C:\Users\konst\anaconda3\Scripts;C:\Users\konst\anaconda3\bin;C:\Users\konst\anaconda3\condabin;C:\Program Files\Common Files\Oracle\Java\javapath;C:\WINDOWS\system32;C:\WINDOWS;C:\WINDOWS\System32\Wbem;C:\WINDOWS\System32\WindowsPowerShell\v1.0;C:\WINDOWS\System32\OpenSSH;C:\Program Files\Docker\Docker\resources\bin;C:\Program Files\CMake\bin;C:\Program Files\Git\cmd;C:\Users\konst\anaconda3;C:\Users\konst\anaconda3\Library\mingw-w64\bin;C:\Users\konst\anaconda3\Library\usr\bin;C:\Users\konst\anaconda3\Library\bin;C:\Users\konst\anaconda3\Scripts;C:\Users\konst\AppData\Local\Programs\Python\Python311\Scripts;C:\Users\konst\AppData\Local\Programs\Python\Python311;C:\Users\konst\AppData\Local\Microsoft\WindowsApps;C:\Users\konst\AppData\Local\Programs\Microsoft VS Code\bin;C:\Users\konst\OneDrive\UZH\FS24\Effective Software Testing\apache-maven-3.9.6-bin\apache-maven-3.9.6\bin;C:\Program Files\Java\jdk-11\bin;.;."/>
    <property name="java.vendor" value="Oracle Corporation"/>
    <property name="java.vm.info" value="mixed mode"/>
    <property name="java.vm.version" value="11.0.21+9-LTS-193"/>
    <property name="java.specification.maintenance.version" value="2"/>
    <property name="sun.io.unicode.encoding" value="UnicodeLittle"/>
    <property name="java.class.version" value="55.0"/>
  </properties>
  <testcase name="testEmptyArray" classname="zest.LongestIncreasingSubsequenceTest" time="0.059"/>
  <testcase name="testNull" classname="zest.LongestIncreasingSubsequenceTest" time="0.002"/>
  <testcase name="testAllElementsSame" classname="zest.LongestIncreasingSubsequenceTest" time="0.001"/>
  <testcase name="testMixedOrder" classname="zest.LongestIncreasingSubsequenceTest" time="0.001"/>
  <testcase name="testDescendingOrder" classname="zest.LongestIncreasingSubsequenceTest" time="0.002"/>
  <testcase name="testAlreadySorted" classname="zest.LongestIncreasingSubsequenceTest" time="0.001"/>
  <testcase name="testSingleElementArray" classname="zest.LongestIncreasingSubsequenceTest" time="0.001"/>
</testsuite>