<?xml version="1.0" encoding="UTF-8"?>
<testsuite xmlns:xsi="http://www.w3.org/2001/XMLSchema-instance" xsi:noNamespaceSchemaLocation="https://maven.apache.org/surefire/maven-surefire-plugin/xsd/surefire-test-report-3.0.xsd" version="3.0" name="zest.GenerateParenthesesTest" time="0.166" tests="6" errors="0" skipped="0" failures="0">
  <properties>
    <property name="java.specification.version" value="22"/>
    <property name="sun.cpu.isalist" value="amd64"/>
    <property name="sun.jnu.encoding" value="Cp1252"/>
    <property name="java.class.path" value="C:\Users\konst\OneDrive\UZH\FS24\Effective Software Testing\assignment01\assignment01\generate_parentheses\target\test-classes;C:\Users\konst\OneDrive\UZH\FS24\Effective Software Testing\assignment01\assignment01\generate_parentheses\target\classes;C:\Users\konst\.m2\repository\org\junit\jupiter\junit-jupiter\5.10.2\junit-jupiter-5.10.2.jar;C:\Users\konst\.m2\repository\org\junit\jupiter\junit-jupiter-api\5.10.2\junit-jupiter-api-5.10.2.jar;C:\Users\konst\.m2\repository\org\opentest4j\opentest4j\1.3.0\opentest4j-1.3.0.jar;C:\Users\konst\.m2\repository\org\junit\platform\junit-platform-commons\1.10.2\junit-platform-commons-1.10.2.jar;C:\Users\konst\.m2\repository\org\apiguardian\apiguardian-api\1.1.2\apiguardian-api-1.1.2.jar;C:\Users\konst\.m2\repository\org\junit\jupiter\junit-jupiter-params\5.10.2\junit-jupiter-params-5.10.2.jar;C:\Users\konst\.m2\repository\org\junit\jupiter\junit-jupiter-engine\5.10.2\junit-jupiter-engine-5.10.2.jar;C:\Users\konst\.m2\repository\org\junit\platform\junit-platform-engine\1.10.2\junit-platform-engine-1.10.2.jar;"/>
    <property name="java.vm.vendor" value="Oracle Corporation"/>
    <property name="sun.arch.data.model" value="64"/>
    <property name="user.variant" value=""/>
    <property name="java.vendor.url" value="https://java.oracle.com/"/>
    <property name="user.timezone" value="Europe/Zurich"/>
    <property name="user.country.format" value="CH"/>
    <property name="os.name" value="Windows 11"/>
    <property name="java.vm.specification.version" value="22"/>
    <property name="sun.java.launcher" value="SUN_STANDARD"/>
    <property name="user.country" value="US"/>
    <property name="sun.boot.library.path" value="C:\Users\konst\.jdks\openjdk-22\bin"/>
    <property name="sun.java.command" value="C:\Users\konst\AppData\Local\Temp\surefire15115376869852293460\surefirebooter-20240325134601841_3.jar C:\Users\konst\AppData\Local\Temp\surefire15115376869852293460 2024-03-25T13-46-01_704-jvmRun1 surefire-20240325134601841_1tmp surefire_0-20240325134601841_2tmp"/>
    <property name="jdk.debug" value="release"/>
    <property name="surefire.test.class.path" value="C:\Users\konst\OneDrive\UZH\FS24\Effective Software Testing\assignment01\assignment01\generate_parentheses\target\test-classes;C:\Users\konst\OneDrive\UZH\FS24\Effective Software Testing\assignment01\assignment01\generate_parentheses\target\classes;C:\Users\konst\.m2\repository\org\junit\jupiter\junit-jupiter\5.10.2\junit-jupiter-5.10.2.jar;C:\Users\konst\.m2\repository\org\junit\jupiter\junit-jupiter-api\5.10.2\junit-jupiter-api-5.10.2.jar;C:\Users\konst\.m2\repository\org\opentest4j\opentest4j\1.3.0\opentest4j-1.3.0.jar;C:\Users\konst\.m2\repository\org\junit\platform\junit-platform-commons\1.10.2\junit-platform-commons-1.10.2.jar;C:\Users\konst\.m2\repository\org\apiguardian\apiguardian-api\1.1.2\apiguardian-api-1.1.2.jar;C:\Users\konst\.m2\repository\org\junit\jupiter\junit-jupiter-params\5.10.2\junit-jupiter-params-5.10.2.jar;C:\Users\konst\.m2\repository\org\junit\jupiter\junit-jupiter-engine\5.10.2\junit-jupiter-engine-5.10.2.jar;C:\Users\konst\.m2\repository\org\junit\platform\junit-platform-engine\1.10.2\junit-platform-engine-1.10.2.jar;"/>
    <property name="sun.cpu.endian" value="little"/>
    <property name="user.home" value="C:\Users\konst"/>
    <property name="user.language" value="en"/>
    <property name="java.specification.vendor" value="Oracle Corporation"/>
    <property name="java.version.date" value="2024-03-19"/>
    <property name="java.home" value="C:\Users\konst\.jdks\openjdk-22"/>
    <property name="file.separator" value="\"/>
    <property name="basedir" value="C:\Users\konst\OneDrive\UZH\FS24\Effective Software Testing\assignment01\assignment01\generate_parentheses"/>
    <property name="java.vm.compressedOopsMode" value="Zero based"/>
    <property name="line.separator" value="&#10;"/>
    <property name="java.vm.specification.vendor" value="Oracle Corporation"/>
    <property name="java.specification.name" value="Java Platform API Specification"/>
    <property name="surefire.real.class.path" value="C:\Users\konst\AppData\Local\Temp\surefire15115376869852293460\surefirebooter-20240325134601841_3.jar"/>
    <property name="user.script" value=""/>
    <property name="sun.management.compiler" value="HotSpot 64-Bit Tiered Compilers"/>
    <property name="java.runtime.version" value="22+36-2370"/>
    <property name="user.name" value="konst"/>
    <property name="stdout.encoding" value="Cp1252"/>
    <property name="path.separator" value=";"/>
    <property name="os.version" value="10.0"/>
    <property name="java.runtime.name" value="OpenJDK Runtime Environment"/>
    <property name="file.encoding" value="UTF-8"/>
    <property name="java.vm.name" value="OpenJDK 64-Bit Server VM"/>
    <property name="localRepository" value="C:\Users\konst\.m2\repository"/>
    <property name="java.vendor.url.bug" value="https://bugreport.java.com/bugreport/"/>
    <property name="java.io.tmpdir" value="C:\Users\konst\AppData\Local\Temp\"/>
    <property name="java.version" value="22"/>
    <property name="user.dir" value="C:\Users\konst\OneDrive\UZH\FS24\Effective Software Testing\assignment01\assignment01\generate_parentheses"/>
    <property name="os.arch" value="amd64"/>
    <property name="java.vm.specification.name" value="Java Virtual Machine Specification"/>
    <property name="sun.os.patch.level" value=""/>
    <property name="native.encoding" value="Cp1252"/>
    <property name="java.library.path" value="C:\Users\konst\.jdks\openjdk-22\bin;C:\WINDOWS\Sun\Java\bin;C:\WINDOWS\system32;C:\WINDOWS;C:\Users\konst\anaconda3;C:\Users\konst\anaconda3\Library\mingw-w64\bin;C:\Users\konst\anaconda3\Library\usr\bin;C:\Users\konst\anaconda3\Library\bin;C:\Users\konst\anaconda3\Scripts;C:\Users\konst\anaconda3\bin;C:\Users\konst\anaconda3\condabin;C:\WINDOWS\system32;C:\WINDOWS;C:\WINDOWS\System32\Wbem;C:\WINDOWS\System32\WindowsPowerShell\v1.0;C:\WINDOWS\System32\OpenSSH;C:\Program Files\Docker\Docker\resources\bin;C:\Program Files\CMake\bin;C:\Program Files\Git\cmd;C:\Users\konst\anaconda3;C:\Users\konst\anaconda3\Library\mingw-w64\bin;C:\Users\konst\anaconda3\Library\usr\bin;C:\Users\konst\anaconda3\Library\bin;C:\Users\konst\anaconda3\Scripts;C:\Users\konst\AppData\Local\Programs\Python\Python311\Scripts;C:\Users\konst\AppData\Local\Programs\Python\Python311;C:\Users\konst\AppData\Local\Microsoft\WindowsApps;C:\Users\konst\AppData\Local\Programs\Microsoft VS Code\bin;C:\Users\konst\OneDrive\UZH\FS24\Effective Software Testing\apache-maven-3.9.6-bin\apache-maven-3.9.6\bin;C:\Users\konst\.jdks\openjdk-22\bin;.;."/>
    <property name="java.vm.info" value="mixed mode, sharing"/>
    <property name="stderr.encoding" value="Cp1252"/>
    <property name="java.vendor" value="Oracle Corporation"/>
    <property name="java.vm.version" value="22+36-2370"/>
    <property name="sun.io.unicode.encoding" value="UnicodeLittle"/>
    <property name="java.class.version" value="66.0"/>
  </properties>
  <testcase name="testRun" classname="zest.GenerateParenthesesTest" time="0.072">
    <system-out><![CDATA[n = 1,size: 1: [()]
n = 2,size: 2: [(()), ()()]
n = 3,size: 5: [((())), (()()), (())(), ()(()), ()()()]
n = 4,size: 14: [(((()))), ((()())), ((())()), ((()))(), (()(())), (()()()), (()())(), (())(()), (())()(), ()((())), ()(()()), ()(())(), ()()(()), ()()()()]
n = 5,size: 42: [((((())))), (((()()))), (((())())), (((()))()), (((())))(), ((()(()))), ((()()())), ((()())()), ((()()))(), ((())(())), ((())()()), ((())())(), ((()))(()), ((()))()(), (()((()))), (()(()())), (()(())()), (()(()))(), (()()(())), (()()()()), (()()())(), (()())(()), (()())()(), (())((())), (())(()()), (())(())(), (())()(()), (())()()(), ()(((()))), ()((()())), ()((())()), ()((()))(), ()(()(())), ()(()()()), ()(()())(), ()(())(()), ()(())()(), ()()((())), ()()(()()), ()()(())(), ()()()(()), ()()()()()]
n = 6,size: 132: [(((((()))))), ((((()())))), ((((())()))), ((((()))())), ((((())))()), ((((()))))(), (((()(())))), (((()()()))), (((()())())), (((()()))()), (((()())))(), (((())(()))), (((())()())), (((())())()), (((())()))(), (((()))(())), (((()))()()), (((()))())(), (((())))(()), (((())))()(), ((()((())))), ((()(()()))), ((()(())())), ((()(()))()), ((()(())))(), ((()()(()))), ((()()()())), ((()()())()), ((()()()))(), ((()())(())), ((()())()()), ((()())())(), ((()()))(()), ((()()))()(), ((())((()))), ((())(()())), ((())(())()), ((())(()))(), ((())()(())), ((())()()()), ((())()())(), ((())())(()), ((())())()(), ((()))((())), ((()))(()()), ((()))(())(), ((()))()(()), ((()))()()(), (()(((())))), (()((()()))), (()((())())), (()((()))()), (()((())))(), (()(()(()))), (()(()()())), (()(()())()), (()(()()))(), (()(())(())), (()(())()()), (()(())())(), (()(()))(()), (()(()))()(), (()()((()))), (()()(()())), (()()(())()), (()()(()))(), (()()()(())), (()()()()()), (()()()())(), (()()())(()), (()()())()(), (()())((())), (()())(()()), (()())(())(), (()())()(()), (()())()()(), (())(((()))), (())((()())), (())((())()), (())((()))(), (())(()(())), (())(()()()), (())(()())(), (())(())(()), (())(())()(), (())()((())), (())()(()()), (())()(())(), (())()()(()), (())()()()(), ()((((())))), ()(((()()))), ()(((())())), ()(((()))()), ()(((())))(), ()((()(()))), ()((()()())), ()((()())()), ()((()()))(), ()((())(())), ()((())()()), ()((())())(), ()((()))(()), ()((()))()(), ()(()((()))), ()(()(()())), ()(()(())()), ()(()(()))(), ()(()()(())), ()(()()()()), ()(()()())(), ()(()())(()), ()(()())()(), ()(())((())), ()(())(()()), ()(())(())(), ()(())()(()), ()(())()()(), ()()(((()))), ()()((()())), ()()((())()), ()()((()))(), ()()(()(())), ()()(()()()), ()()(()())(), ()()(())(()), ()()(())()(), ()()()((())), ()()()(()()), ()()()(())(), ()()()()(()), ()()()()()()]
n = 7,size: 429: [((((((())))))), (((((()()))))), (((((())())))), (((((()))()))), (((((())))())), (((((()))))()), (((((())))))(), ((((()(()))))), ((((()()())))), ((((()())()))), ((((()()))())), ((((()())))()), ((((()()))))(), ((((())(())))), ((((())()()))), ((((())())())), ((((())()))()), ((((())())))(), ((((()))(()))), ((((()))()())), ((((()))())()), ((((()))()))(), ((((())))(())), ((((())))()()), ((((())))())(), ((((()))))(()), ((((()))))()(), (((()((()))))), (((()(()())))), (((()(())()))), (((()(()))())), (((()(())))()), (((()(()))))(), (((()()(())))), (((()()()()))), (((()()())())), (((()()()))()), (((()()())))(), (((()())(()))), (((()())()())), (((()())())()), (((()())()))(), (((()()))(())), (((()()))()()), (((()()))())(), (((()())))(()), (((()())))()(), (((())((())))), (((())(()()))), (((())(())())), (((())(()))()), (((())(())))(), (((())()(()))), (((())()()())), (((())()())()), (((())()()))(), (((())())(())), (((())())()()), (((())())())(), (((())()))(()), (((())()))()(), (((()))((()))), (((()))(()())), (((()))(())()), (((()))(()))(), (((()))()(())), (((()))()()()), (((()))()())(), (((()))())(()), (((()))())()(), (((())))((())), (((())))(()()), (((())))(())(), (((())))()(()), (((())))()()(), ((()(((()))))), ((()((()())))), ((()((())()))), ((()((()))())), ((()((())))()), ((()((()))))(), ((()(()(())))), ((()(()()()))), ((()(()())())), ((()(()()))()), ((()(()())))(), ((()(())(()))), ((()(())()())), ((()(())())()), ((()(())()))(), ((()(()))(())), ((()(()))()()), ((()(()))())(), ((()(())))(()), ((()(())))()(), ((()()((())))), ((()()(()()))), ((()()(())())), ((()()(()))()), ((()()(())))(), ((()()()(()))), ((()()()()())), ((()()()())()), ((()()()()))(), ((()()())(())), ((()()())()()), ((()()())())(), ((()()()))(()), ((()()()))()(), ((()())((()))), ((()())(()())), ((()())(())()), ((()())(()))(), ((()())()(())), ((()())()()()), ((()())()())(), ((()())())(()), ((()())())()(), ((()()))((())), ((()()))(()()), ((()()))(())(), ((()()))()(()), ((()()))()()(), ((())(((())))), ((())((()()))), ((())((())())), ((())((()))()), ((())((())))(), ((())(()(()))), ((())(()()())), ((())(()())()), ((())(()()))(), ((())(())(())), ((())(())()()), ((())(())())(), ((())(()))(()), ((())(()))()(), ((())()((()))), ((())()(()())), ((())()(())()), ((())()(()))(), ((())()()(())), ((())()()()()), ((())()()())(), ((())()())(()), ((())()())()(), ((())())((())), ((())())(()()), ((())())(())(), ((())())()(()), ((())())()()(), ((()))(((()))), ((()))((()())), ((()))((())()), ((()))((()))(), ((()))(()(())), ((()))(()()()), ((()))(()())(), ((()))(())(()), ((()))(())()(), ((()))()((())), ((()))()(()()), ((()))()(())(), ((()))()()(()), ((()))()()()(), (()((((()))))), (()(((()())))), (()(((())()))), (()(((()))())), (()(((())))()), (()(((()))))(), (()((()(())))), (()((()()()))), (()((()())())), (()((()()))()), (()((()())))(), (()((())(()))), (()((())()())), (()((())())()), (()((())()))(), (()((()))(())), (()((()))()()), (()((()))())(), (()((())))(()), (()((())))()(), (()(()((())))), (()(()(()()))), (()(()(())())), (()(()(()))()), (()(()(())))(), (()(()()(()))), (()(()()()())), (()(()()())()), (()(()()()))(), (()(()())(())), (()(()())()()), (()(()())())(), (()(()()))(()), (()(()()))()(), (()(())((()))), (()(())(()())), (()(())(())()), (()(())(()))(), (()(())()(())), (()(())()()()), (()(())()())(), (()(())())(()), (()(())())()(), (()(()))((())), (()(()))(()()), (()(()))(())(), (()(()))()(()), (()(()))()()(), (()()(((())))), (()()((()()))), (()()((())())), (()()((()))()), (()()((())))(), (()()(()(()))), (()()(()()())), (()()(()())()), (()()(()()))(), (()()(())(())), (()()(())()()), (()()(())())(), (()()(()))(()), (()()(()))()(), (()()()((()))), (()()()(()())), (()()()(())()), (()()()(()))(), (()()()()(())), (()()()()()()), (()()()()())(), (()()()())(()), (()()()())()(), (()()())((())), (()()())(()()), (()()())(())(), (()()())()(()), (()()())()()(), (()())(((()))), (()())((()())), (()())((())()), (()())((()))(), (()())(()(())), (()())(()()()), (()())(()())(), (()())(())(()), (()())(())()(), (()())()((())), (()())()(()()), (()())()(())(), (()())()()(()), (()())()()()(), (())((((())))), (())(((()()))), (())(((())())), (())(((()))()), (())(((())))(), (())((()(()))), (())((()()())), (())((()())()), (())((()()))(), (())((())(())), (())((())()()), (())((())())(), (())((()))(()), (())((()))()(), (())(()((()))), (())(()(()())), (())(()(())()), (())(()(()))(), (())(()()(())), (())(()()()()), (())(()()())(), (())(()())(()), (())(()())()(), (())(())((())), (())(())(()()), (())(())(())(), (())(())()(()), (())(())()()(), (())()(((()))), (())()((()())), (())()((())()), (())()((()))(), (())()(()(())), (())()(()()()), (())()(()())(), (())()(())(()), (())()(())()(), (())()()((())), (())()()(()()), (())()()(())(), (())()()()(()), (())()()()()(), ()(((((()))))), ()((((()())))), ()((((())()))), ()((((()))())), ()((((())))()), ()((((()))))(), ()(((()(())))), ()(((()()()))), ()(((()())())), ()(((()()))()), ()(((()())))(), ()(((())(()))), ()(((())()())), ()(((())())()), ()(((())()))(), ()(((()))(())), ()(((()))()()), ()(((()))())(), ()(((())))(()), ()(((())))()(), ()((()((())))), ()((()(()()))), ()((()(())())), ()((()(()))()), ()((()(())))(), ()((()()(()))), ()((()()()())), ()((()()())()), ()((()()()))(), ()((()())(())), ()((()())()()), ()((()())())(), ()((()()))(()), ()((()()))()(), ()((())((()))), ()((())(()())), ()((())(())()), ()((())(()))(), ()((())()(())), ()((())()()()), ()((())()())(), ()((())())(()), ()((())())()(), ()((()))((())), ()((()))(()()), ()((()))(())(), ()((()))()(()), ()((()))()()(), ()(()(((())))), ()(()((()()))), ()(()((())())), ()(()((()))()), ()(()((())))(), ()(()(()(()))), ()(()(()()())), ()(()(()())()), ()(()(()()))(), ()(()(())(())), ()(()(())()()), ()(()(())())(), ()(()(()))(()), ()(()(()))()(), ()(()()((()))), ()(()()(()())), ()(()()(())()), ()(()()(()))(), ()(()()()(())), ()(()()()()()), ()(()()()())(), ()(()()())(()), ()(()()())()(), ()(()())((())), ()(()())(()()), ()(()())(())(), ()(()())()(()), ()(()())()()(), ()(())(((()))), ()(())((()())), ()(())((())()), ()(())((()))(), ()(())(()(())), ()(())(()()()), ()(())(()())(), ()(())(())(()), ()(())(())()(), ()(())()((())), ()(())()(()()), ()(())()(())(), ()(())()()(()), ()(())()()()(), ()()((((())))), ()()(((()()))), ()()(((())())), ()()(((()))()), ()()(((())))(), ()()((()(()))), ()()((()()())), ()()((()())()), ()()((()()))(), ()()((())(())), ()()((())()()), ()()((())())(), ()()((()))(()), ()()((()))()(), ()()(()((()))), ()()(()(()())), ()()(()(())()), ()()(()(()))(), ()()(()()(())), ()()(()()()()), ()()(()()())(), ()()(()())(()), ()()(()())()(), ()()(())((())), ()()(())(()()), ()()(())(())(), ()()(())()(()), ()()(())()()(), ()()()(((()))), ()()()((()())), ()()()((())()), ()()()((()))(), ()()()(()(())), ()()()(()()()), ()()()(()())(), ()()()(())(()), ()()()(())()(), ()()()()((())), ()()()()(()()), ()()()()(())(), ()()()()()(()), ()()()()()()()]
n = 8,size: 1430: [(((((((()))))))), ((((((()())))))), ((((((())()))))), ((((((()))())))), ((((((())))()))), ((((((()))))())), ((((((())))))()), ((((((()))))))(), (((((()(())))))), (((((()()()))))), (((((()())())))), (((((()()))()))), (((((()())))())), (((((()()))))()), (((((()())))))(), (((((())(()))))), (((((())()())))), (((((())())()))), (((((())()))())), (((((())())))()), (((((())()))))(), (((((()))(())))), (((((()))()()))), (((((()))())())), (((((()))()))()), (((((()))())))(), (((((())))(()))), (((((())))()())), (((((())))())()), (((((())))()))(), (((((()))))(())), (((((()))))()()), (((((()))))())(), (((((())))))(()), (((((())))))()(), ((((()((())))))), ((((()(()()))))), ((((()(())())))), ((((()(()))()))), ((((()(())))())), ((((()(()))))()), ((((()(())))))(), ((((()()(()))))), ((((()()()())))), ((((()()())()))), ((((()()()))())), ((((()()())))()), ((((()()()))))(), ((((()())(())))), ((((()())()()))), ((((()())())())), ((((()())()))()), ((((()())())))(), ((((()()))(()))), ((((()()))()())), ((((()()))())()), ((((()()))()))(), ((((()())))(())), ((((()())))()()), ((((()())))())(), ((((()()))))(()), ((((()()))))()(), ((((())((()))))), ((((())(()())))), ((((())(())()))), ((((())(()))())), ((((())(())))()), ((((())(()))))(), ((((())()(())))), ((((())()()()))), ((((())()())())), ((((())()()))()), ((((())()())))(), ((((())())(()))), ((((())())()())), ((((())())())()), ((((())())()))(), ((((())()))(())), ((((())()))()()), ((((())()))())(), ((((())())))(()), ((((())())))()(), ((((()))((())))), ((((()))(()()))), ((((()))(())())), ((((()))(()))()), ((((()))(())))(), ((((()))()(()))), ((((()))()()())), ((((()))()())()), ((((()))()()))(), ((((()))())(())), ((((()))())()()), ((((()))())())(), ((((()))()))(()), ((((()))()))()(), ((((())))((()))), ((((())))(()())), ((((())))(())()), ((((())))(()))(), ((((())))()(())), ((((())))()()()), ((((())))()())(), ((((())))())(()), ((((())))())()(), ((((()))))((())), ((((()))))(()()), ((((()))))(())(), ((((()))))()(()), ((((()))))()()(), (((()(((())))))), (((()((()()))))), (((()((())())))), (((()((()))()))), (((()((())))())), (((()((()))))()), (((()((())))))(), (((()(()(()))))), (((()(()()())))), (((()(()())()))), (((()(()()))())), (((()(()())))()), (((()(()()))))(), (((()(())(())))), (((()(())()()))), (((()(())())())), (((()(())()))()), (((()(())())))(), (((()(()))(()))), (((()(()))()())), (((()(()))())()), (((()(()))()))(), (((()(())))(())), (((()(())))()()), (((()(())))())(), (((()(()))))(()), (((()(()))))()(), (((()()((()))))), (((()()(()())))), (((()()(())()))), (((()()(()))())), (((()()(())))()), (((()()(()))))(), (((()()()(())))), (((()()()()()))), (((()()()())())), (((()()()()))()), (((()()()())))(), (((()()())(()))), (((()()())()())), (((()()())())()), (((()()())()))(), (((()()()))(())), (((()()()))()()), (((()()()))())(), (((()()())))(()), (((()()())))()(), (((()())((())))), (((()())(()()))), (((()())(())())), (((()())(()))()), (((()())(())))(), (((()())()(()))), (((()())()()())), (((()())()())()), (((()())()()))(), (((()())())(())), (((()())())()()), (((()())())())(), (((()())()))(()), (((()())()))()(), (((()()))((()))), (((()()))(()())), (((()()))(())()), (((()()))(()))(), (((()()))()(())), (((()()))()()()), (((()()))()())(), (((()()))())(()), (((()()))())()(), (((()())))((())), (((()())))(()()), (((()())))(())(), (((()())))()(()), (((()())))()()(), (((())(((()))))), (((())((()())))), (((())((())()))), (((())((()))())), (((())((())))()), (((())((()))))(), (((())(()(())))), (((())(()()()))), (((())(()())())), (((())(()()))()), (((())(()())))(), (((())(())(()))), (((())(())()())), (((())(())())()), (((())(())()))(), (((())(()))(())), (((())(()))()()), (((())(()))())(), (((())(())))(()), (((())(())))()(), (((())()((())))), (((())()(()()))), (((())()(())())), (((())()(()))()), (((())()(())))(), (((())()()(()))), (((())()()()())), (((())()()())()), (((())()()()))(), (((())()())(())), (((())()())()()), (((())()())())(), (((())()()))(()), (((())()()))()(), (((())())((()))), (((())())(()())), (((())())(())()), (((())())(()))(), (((())())()(())), (((())())()()()), (((())())()())(), (((())())())(()), (((())())())()(), (((())()))((())), (((())()))(()()), (((())()))(())(), (((())()))()(()), (((())()))()()(), (((()))(((())))), (((()))((()()))), (((()))((())())), (((()))((()))()), (((()))((())))(), (((()))(()(()))), (((()))(()()())), (((()))(()())()), (((()))(()()))(), (((()))(())(())), (((()))(())()()), (((()))(())())(), (((()))(()))(()), (((()))(()))()(), (((()))()((()))), (((()))()(()())), (((()))()(())()), (((()))()(()))(), (((()))()()(())), (((()))()()()()), (((()))()()())(), (((()))()())(()), (((()))()())()(), (((()))())((())), (((()))())(()()), (((()))())(())(), (((()))())()(()), (((()))())()()(), (((())))(((()))), (((())))((()())), (((())))((())()), (((())))((()))(), (((())))(()(())), (((())))(()()()), (((())))(()())(), (((())))(())(()), (((())))(())()(), (((())))()((())), (((())))()(()()), (((())))()(())(), (((())))()()(()), (((())))()()()(), ((()((((())))))), ((()(((()()))))), ((()(((())())))), ((()(((()))()))), ((()(((())))())), ((()(((()))))()), ((()(((())))))(), ((()((()(()))))), ((()((()()())))), ((()((()())()))), ((()((()()))())), ((()((()())))()), ((()((()()))))(), ((()((())(())))), ((()((())()()))), ((()((())())())), ((()((())()))()), ((()((())())))(), ((()((()))(()))), ((()((()))()())), ((()((()))())()), ((()((()))()))(), ((()((())))(())), ((()((())))()()), ((()((())))())(), ((()((()))))(()), ((()((()))))()(), ((()(()((()))))), ((()(()(()())))), ((()(()(())()))), ((()(()(()))())), ((()(()(())))()), ((()(()(()))))(), ((()(()()(())))), ((()(()()()()))), ((()(()()())())), ((()(()()()))()), ((()(()()())))(), ((()(()())(()))), ((()(()())()())), ((()(()())())()), ((()(()())()))(), ((()(()()))(())), ((()(()()))()()), ((()(()()))())(), ((()(()())))(()), ((()(()())))()(), ((()(())((())))), ((()(())(()()))), ((()(())(())())), ((()(())(()))()), ((()(())(())))(), ((()(())()(()))), ((()(())()()())), ((()(())()())()), ((()(())()()))(), ((()(())())(())), ((()(())())()()), ((()(())())())(), ((()(())()))(()), ((()(())()))()(), ((()(()))((()))), ((()(()))(()())), ((()(()))(())()), ((()(()))(()))(), ((()(()))()(())), ((()(()))()()()), ((()(()))()())(), ((()(()))())(()), ((()(()))())()(), ((()(())))((())), ((()(())))(()()), ((()(())))(())(), ((()(())))()(()), ((()(())))()()(), ((()()(((()))))), ((()()((()())))), ((()()((())()))), ((()()((()))())), ((()()((())))()), ((()()((()))))(), ((()()(()(())))), ((()()(()()()))), ((()()(()())())), ((()()(()()))()), ((()()(()())))(), ((()()(())(()))), ((()()(())()())), ((()()(())())()), ((()()(())()))(), ((()()(()))(())), ((()()(()))()()), ((()()(()))())(), ((()()(())))(()), ((()()(())))()(), ((()()()((())))), ((()()()(()()))), ((()()()(())())), ((()()()(()))()), ((()()()(())))(), ((()()()()(()))), ((()()()()()())), ((()()()()())()), ((()()()()()))(), ((()()()())(())), ((()()()())()()), ((()()()())())(), ((()()()()))(()), ((()()()()))()(), ((()()())((()))), ((()()())(()())), ((()()())(())()), ((()()())(()))(), ((()()())()(())), ((()()())()()()), ((()()())()())(), ((()()())())(()), ((()()())())()(), ((()()()))((())), ((()()()))(()()), ((()()()))(())(), ((()()()))()(()), ((()()()))()()(), ((()())(((())))), ((()())((()()))), ((()())((())())), ((()())((()))()), ((()())((())))(), ((()())(()(()))), ((()())(()()())), ((()())(()())()), ((()())(()()))(), ((()())(())(())), ((()())(())()()), ((()())(())())(), ((()())(()))(()), ((()())(()))()(), ((()())()((()))), ((()())()(()())), ((()())()(())()), ((()())()(()))(), ((()())()()(())), ((()())()()()()), ((()())()()())(), ((()())()())(()), ((()())()())()(), ((()())())((())), ((()())())(()()), ((()())())(())(), ((()())())()(()), ((()())())()()(), ((()()))(((()))), ((()()))((()())), ((()()))((())()), ((()()))((()))(), ((()()))(()(())), ((()()))(()()()), ((()()))(()())(), ((()()))(())(()), ((()()))(())()(), ((()()))()((())), ((()()))()(()()), ((()()))()(())(), ((()()))()()(()), ((()()))()()()(), ((())((((()))))), ((())(((()())))), ((())(((())()))), ((())(((()))())), ((())(((())))()), ((())(((()))))(), ((())((()(())))), ((())((()()()))), ((())((()())())), ((())((()()))()), ((())((()())))(), ((())((())(()))), ((())((())()())), ((())((())())()), ((())((())()))(), ((())((()))(())), ((())((()))()()), ((())((()))())(), ((())((())))(()), ((())((())))()(), ((())(()((())))), ((())(()(()()))), ((())(()(())())), ((())(()(()))()), ((())(()(())))(), ((())(()()(()))), ((())(()()()())), ((())(()()())()), ((())(()()()))(), ((())(()())(())), ((())(()())()()), ((())(()())())(), ((())(()()))(()), ((())(()()))()(), ((())(())((()))), ((())(())(()())), ((())(())(())()), ((())(())(()))(), ((())(())()(())), ((())(())()()()), ((())(())()())(), ((())(())())(()), ((())(())())()(), ((())(()))((())), ((())(()))(()()), ((())(()))(())(), ((())(()))()(()), ((())(()))()()(), ((())()(((())))), ((())()((()()))), ((())()((())())), ((())()((()))()), ((())()((())))(), ((())()(()(()))), ((())()(()()())), ((())()(()())()), ((())()(()()))(), ((())()(())(())), ((())()(())()()), ((())()(())())(), ((())()(()))(()), ((())()(()))()(), ((())()()((()))), ((())()()(()())), ((())()()(())()), ((())()()(()))(), ((())()()()(())), ((())()()()()()), ((())()()()())(), ((())()()())(()), ((())()()())()(), ((())()())((())), ((())()())(()()), ((())()())(())(), ((())()())()(()), ((())()())()()(), ((())())(((()))), ((())())((()())), ((())())((())()), ((())())((()))(), ((())())(()(())), ((())())(()()()), ((())())(()())(), ((())())(())(()), ((())())(())()(), ((())())()((())), ((())())()(()()), ((())())()(())(), ((())())()()(()), ((())())()()()(), ((()))((((())))), ((()))(((()()))), ((()))(((())())), ((()))(((()))()), ((()))(((())))(), ((()))((()(()))), ((()))((()()())), ((()))((()())()), ((()))((()()))(), ((()))((())(())), ((()))((())()()), ((()))((())())(), ((()))((()))(()), ((()))((()))()(), ((()))(()((()))), ((()))(()(()())), ((()))(()(())()), ((()))(()(()))(), ((()))(()()(())), ((()))(()()()()), ((()))(()()())(), ((()))(()())(()), ((()))(()())()(), ((()))(())((())), ((()))(())(()()), ((()))(())(())(), ((()))(())()(()), ((()))(())()()(), ((()))()(((()))), ((()))()((()())), ((()))()((())()), ((()))()((()))(), ((()))()(()(())), ((()))()(()()()), ((()))()(()())(), ((()))()(())(()), ((()))()(())()(), ((()))()()((())), ((()))()()(()()), ((()))()()(())(), ((()))()()()(()), ((()))()()()()(), (()(((((())))))), (()((((()()))))), (()((((())())))), (()((((()))()))), (()((((())))())), (()((((()))))()), (()((((())))))(), (()(((()(()))))), (()(((()()())))), (()(((()())()))), (()(((()()))())), (()(((()())))()), (()(((()()))))(), (()(((())(())))), (()(((())()()))), (()(((())())())), (()(((())()))()), (()(((())())))(), (()(((()))(()))), (()(((()))()())), (()(((()))())()), (()(((()))()))(), (()(((())))(())), (()(((())))()()), (()(((())))())(), (()(((()))))(()), (()(((()))))()(), (()((()((()))))), (()((()(()())))), (()((()(())()))), (()((()(()))())), (()((()(())))()), (()((()(()))))(), (()((()()(())))), (()((()()()()))), (()((()()())())), (()((()()()))()), (()((()()())))(), (()((()())(()))), (()((()())()())), (()((()())())()), (()((()())()))(), (()((()()))(())), (()((()()))()()), (()((()()))())(), (()((()())))(()), (()((()())))()(), (()((())((())))), (()((())(()()))), (()((())(())())), (()((())(()))()), (()((())(())))(), (()((())()(()))), (()((())()()())), (()((())()())()), (()((())()()))(), (()((())())(())), (()((())())()()), (()((())())())(), (()((())()))(()), (()((())()))()(), (()((()))((()))), (()((()))(()())), (()((()))(())()), (()((()))(()))(), (()((()))()(())), (()((()))()()()), (()((()))()())(), (()((()))())(()), (()((()))())()(), (()((())))((())), (()((())))(()()), (()((())))(())(), (()((())))()(()), (()((())))()()(), (()(()(((()))))), (()(()((()())))), (()(()((())()))), (()(()((()))())), (()(()((())))()), (()(()((()))))(), (()(()(()(())))), (()(()(()()()))), (()(()(()())())), (()(()(()()))()), (()(()(()())))(), (()(()(())(()))), (()(()(())()())), (()(()(())())()), (()(()(())()))(), (()(()(()))(())), (()(()(()))()()), (()(()(()))())(), (()(()(())))(()), (()(()(())))()(), (()(()()((())))), (()(()()(()()))), (()(()()(())())), (()(()()(()))()), (()(()()(())))(), (()(()()()(()))), (()(()()()()())), (()(()()()())()), (()(()()()()))(), (()(()()())(())), (()(()()())()()), (()(()()())())(), (()(()()()))(()), (()(()()()))()(), (()(()())((()))), (()(()())(()())), (()(()())(())()), (()(()())(()))(), (()(()())()(())), (()(()())()()()), (()(()())()())(), (()(()())())(()), (()(()())())()(), (()(()()))((())), (()(()()))(()()), (()(()()))(())(), (()(()()))()(()), (()(()()))()()(), (()(())(((())))), (()(())((()()))), (()(())((())())), (()(())((()))()), (()(())((())))(), (()(())(()(()))), (()(())(()()())), (()(())(()())()), (()(())(()()))(), (()(())(())(())), (()(())(())()()), (()(())(())())(), (()(())(()))(()), (()(())(()))()(), (()(())()((()))), (()(())()(()())), (()(())()(())()), (()(())()(()))(), (()(())()()(())), (()(())()()()()), (()(())()()())(), (()(())()())(()), (()(())()())()(), (()(())())((())), (()(())())(()()), (()(())())(())(), (()(())())()(()), (()(())())()()(), (()(()))(((()))), (()(()))((()())), (()(()))((())()), (()(()))((()))(), (()(()))(()(())), (()(()))(()()()), (()(()))(()())(), (()(()))(())(()), (()(()))(())()(), (()(()))()((())), (()(()))()(()()), (()(()))()(())(), (()(()))()()(()), (()(()))()()()(), (()()((((()))))), (()()(((()())))), (()()(((())()))), (()()(((()))())), (()()(((())))()), (()()(((()))))(), (()()((()(())))), (()()((()()()))), (()()((()())())), (()()((()()))()), (()()((()())))(), (()()((())(()))), (()()((())()())), (()()((())())()), (()()((())()))(), (()()((()))(())), (()()((()))()()), (()()((()))())(), (()()((())))(()), (()()((())))()(), (()()(()((())))), (()()(()(()()))), (()()(()(())())), (()()(()(()))()), (()()(()(())))(), (()()(()()(()))), (()()(()()()())), (()()(()()())()), (()()(()()()))(), (()()(()())(())), (()()(()())()()), (()()(()())())(), (()()(()()))(()), (()()(()()))()(), (()()(())((()))), (()()(())(()())), (()()(())(())()), (()()(())(()))(), (()()(())()(())), (()()(())()()()), (()()(())()())(), (()()(())())(()), (()()(())())()(), (()()(()))((())), (()()(()))(()()), (()()(()))(())(), (()()(()))()(()), (()()(()))()()(), (()()()(((())))), (()()()((()()))), (()()()((())())), (()()()((()))()), (()()()((())))(), (()()()(()(()))), (()()()(()()())), (()()()(()())()), (()()()(()()))(), (()()()(())(())), (()()()(())()()), (()()()(())())(), (()()()(()))(()), (()()()(()))()(), (()()()()((()))), (()()()()(()())), (()()()()(())()), (()()()()(()))(), (()()()()()(())), (()()()()()()()), (()()()()()())(), (()()()()())(()), (()()()()())()(), (()()()())((())), (()()()())(()()), (()()()())(())(), (()()()())()(()), (()()()())()()(), (()()())(((()))), (()()())((()())), (()()())((())()), (()()())((()))(), (()()())(()(())), (()()())(()()()), (()()())(()())(), (()()())(())(()), (()()())(())()(), (()()())()((())), (()()())()(()()), (()()())()(())(), (()()())()()(()), (()()())()()()(), (()())((((())))), (()())(((()()))), (()())(((())())), (()())(((()))()), (()())(((())))(), (()())((()(()))), (()())((()()())), (()())((()())()), (()())((()()))(), (()())((())(())), (()())((())()()), (()())((())())(), (()())((()))(()), (()())((()))()(), (()())(()((()))), (()())(()(()())), (()())(()(())()), (()())(()(()))(), (()())(()()(())), (()())(()()()()), (()())(()()())(), (()())(()())(()), (()())(()())()(), (()())(())((())), (()())(())(()()), (()())(())(())(), (()())(())()(()), (()())(())()()(), (()())()(((()))), (()())()((()())), (()())()((())()), (()())()((()))(), (()())()(()(())), (()())()(()()()), (()())()(()())(), (()())()(())(()), (()())()(())()(), (()())()()((())), (()())()()(()()), (()())()()(())(), (()())()()()(()), (()())()()()()(), (())(((((()))))), (())((((()())))), (())((((())()))), (())((((()))())), (())((((())))()), (())((((()))))(), (())(((()(())))), (())(((()()()))), (())(((()())())), (())(((()()))()), (())(((()())))(), (())(((())(()))), (())(((())()())), (())(((())())()), (())(((())()))(), (())(((()))(())), (())(((()))()()), (())(((()))())(), (())(((())))(()), (())(((())))()(), (())((()((())))), (())((()(()()))), (())((()(())())), (())((()(()))()), (())((()(())))(), (())((()()(()))), (())((()()()())), (())((()()())()), (())((()()()))(), (())((()())(())), (())((()())()()), (())((()())())(), (())((()()))(()), (())((()()))()(), (())((())((()))), (())((())(()())), (())((())(())()), (())((())(()))(), (())((())()(())), (())((())()()()), (())((())()())(), (())((())())(()), (())((())())()(), (())((()))((())), (())((()))(()()), (())((()))(())(), (())((()))()(()), (())((()))()()(), (())(()(((())))), (())(()((()()))), (())(()((())())), (())(()((()))()), (())(()((())))(), (())(()(()(()))), (())(()(()()())), (())(()(()())()), (())(()(()()))(), (())(()(())(())), (())(()(())()()), (())(()(())())(), (())(()(()))(()), (())(()(()))()(), (())(()()((()))), (())(()()(()())), (())(()()(())()), (())(()()(()))(), (())(()()()(())), (())(()()()()()), (())(()()()())(), (())(()()())(()), (())(()()())()(), (())(()())((())), (())(()())(()()), (())(()())(())(), (())(()())()(()), (())(()())()()(), (())(())(((()))), (())(())((()())), (())(())((())()), (())(())((()))(), (())(())(()(())), (())(())(()()()), (())(())(()())(), (())(())(())(()), (())(())(())()(), (())(())()((())), (())(())()(()()), (())(())()(())(), (())(())()()(()), (())(())()()()(), (())()((((())))), (())()(((()()))), (())()(((())())), (())()(((()))()), (())()(((())))(), (())()((()(()))), (())()((()()())), (())()((()())()), (())()((()()))(), (())()((())(())), (())()((())()()), (())()((())())(), (())()((()))(()), (())()((()))()(), (())()(()((()))), (())()(()(()())), (())()(()(())()), (())()(()(()))(), (())()(()()(())), (())()(()()()()), (())()(()()())(), (())()(()())(()), (())()(()())()(), (())()(())((())), (())()(())(()()), (())()(())(())(), (())()(())()(()), (())()(())()()(), (())()()(((()))), (())()()((()())), (())()()((())()), (())()()((()))(), (())()()(()(())), (())()()(()()()), (())()()(()())(), (())()()(())(()), (())()()(())()(), (())()()()((())), (())()()()(()()), (())()()()(())(), (())()()()()(()), (())()()()()()(), ()((((((())))))), ()(((((()()))))), ()(((((())())))), ()(((((()))()))), ()(((((())))())), ()(((((()))))()), ()(((((())))))(), ()((((()(()))))), ()((((()()())))), ()((((()())()))), ()((((()()))())), ()((((()())))()), ()((((()()))))(), ()((((())(())))), ()((((())()()))), ()((((())())())), ()((((())()))()), ()((((())())))(), ()((((()))(()))), ()((((()))()())), ()((((()))())()), ()((((()))()))(), ()((((())))(())), ()((((())))()()), ()((((())))())(), ()((((()))))(()), ()((((()))))()(), ()(((()((()))))), ()(((()(()())))), ()(((()(())()))), ()(((()(()))())), ()(((()(())))()), ()(((()(()))))(), ()(((()()(())))), ()(((()()()()))), ()(((()()())())), ()(((()()()))()), ()(((()()())))(), ()(((()())(()))), ()(((()())()())), ()(((()())())()), ()(((()())()))(), ()(((()()))(())), ()(((()()))()()), ()(((()()))())(), ()(((()())))(()), ()(((()())))()(), ()(((())((())))), ()(((())(()()))), ()(((())(())())), ()(((())(()))()), ()(((())(())))(), ()(((())()(()))), ()(((())()()())), ()(((())()())()), ()(((())()()))(), ()(((())())(())), ()(((())())()()), ()(((())())())(), ()(((())()))(()), ()(((())()))()(), ()(((()))((()))), ()(((()))(()())), ()(((()))(())()), ()(((()))(()))(), ()(((()))()(())), ()(((()))()()()), ()(((()))()())(), ()(((()))())(()), ()(((()))())()(), ()(((())))((())), ()(((())))(()()), ()(((())))(())(), ()(((())))()(()), ()(((())))()()(), ()((()(((()))))), ()((()((()())))), ()((()((())()))), ()((()((()))())), ()((()((())))()), ()((()((()))))(), ()((()(()(())))), ()((()(()()()))), ()((()(()())())), ()((()(()()))()), ()((()(()())))(), ()((()(())(()))), ()((()(())()())), ()((()(())())()), ()((()(())()))(), ()((()(()))(())), ()((()(()))()()), ()((()(()))())(), ()((()(())))(()), ()((()(())))()(), ()((()()((())))), ()((()()(()()))), ()((()()(())())), ()((()()(()))()), ()((()()(())))(), ()((()()()(()))), ()((()()()()())), ()((()()()())()), ()((()()()()))(), ()((()()())(())), ()((()()())()()), ()((()()())())(), ()((()()()))(()), ()((()()()))()(), ()((()())((()))), ()((()())(()())), ()((()())(())()), ()((()())(()))(), ()((()())()(())), ()((()())()()()), ()((()())()())(), ()((()())())(()), ()((()())())()(), ()((()()))((())), ()((()()))(()()), ()((()()))(())(), ()((()()))()(()), ()((()()))()()(), ()((())(((())))), ()((())((()()))), ()((())((())())), ()((())((()))()), ()((())((())))(), ()((())(()(()))), ()((())(()()())), ()((())(()())()), ()((())(()()))(), ()((())(())(())), ()((())(())()()), ()((())(())())(), ()((())(()))(()), ()((())(()))()(), ()((())()((()))), ()((())()(()())), ()((())()(())()), ()((())()(()))(), ()((())()()(())), ()((())()()()()), ()((())()()())(), ()((())()())(()), ()((())()())()(), ()((())())((())), ()((())())(()()), ()((())())(())(), ()((())())()(()), ()((())())()()(), ()((()))(((()))), ()((()))((()())), ()((()))((())()), ()((()))((()))(), ()((()))(()(())), ()((()))(()()()), ()((()))(()())(), ()((()))(())(()), ()((()))(())()(), ()((()))()((())), ()((()))()(()()), ()((()))()(())(), ()((()))()()(()), ()((()))()()()(), ()(()((((()))))), ()(()(((()())))), ()(()(((())()))), ()(()(((()))())), ()(()(((())))()), ()(()(((()))))(), ()(()((()(())))), ()(()((()()()))), ()(()((()())())), ()(()((()()))()), ()(()((()())))(), ()(()((())(()))), ()(()((())()())), ()(()((())())()), ()(()((())()))(), ()(()((()))(())), ()(()((()))()()), ()(()((()))())(), ()(()((())))(()), ()(()((())))()(), ()(()(()((())))), ()(()(()(()()))), ()(()(()(())())), ()(()(()(()))()), ()(()(()(())))(), ()(()(()()(()))), ()(()(()()()())), ()(()(()()())()), ()(()(()()()))(), ()(()(()())(())), ()(()(()())()()), ()(()(()())())(), ()(()(()()))(()), ()(()(()()))()(), ()(()(())((()))), ()(()(())(()())), ()(()(())(())()), ()(()(())(()))(), ()(()(())()(())), ()(()(())()()()), ()(()(())()())(), ()(()(())())(()), ()(()(())())()(), ()(()(()))((())), ()(()(()))(()()), ()(()(()))(())(), ()(()(()))()(()), ()(()(()))()()(), ()(()()(((())))), ()(()()((()()))), ()(()()((())())), ()(()()((()))()), ()(()()((())))(), ()(()()(()(()))), ()(()()(()()())), ()(()()(()())()), ()(()()(()()))(), ()(()()(())(())), ()(()()(())()()), ()(()()(())())(), ()(()()(()))(()), ()(()()(()))()(), ()(()()()((()))), ()(()()()(()())), ()(()()()(())()), ()(()()()(()))(), ()(()()()()(())), ()(()()()()()()), ()(()()()()())(), ()(()()()())(()), ()(()()()())()(), ()(()()())((())), ()(()()())(()()), ()(()()())(())(), ()(()()())()(()), ()(()()())()()(), ()(()())(((()))), ()(()())((()())), ()(()())((())()), ()(()())((()))(), ()(()())(()(())), ()(()())(()()()), ()(()())(()())(), ()(()())(())(()), ()(()())(())()(), ()(()())()((())), ()(()())()(()()), ()(()())()(())(), ()(()())()()(()), ()(()())()()()(), ()(())((((())))), ()(())(((()()))), ()(())(((())())), ()(())(((()))()), ()(())(((())))(), ()(())((()(()))), ()(())((()()())), ()(())((()())()), ()(())((()()))(), ()(())((())(())), ()(())((())()()), ()(())((())())(), ()(())((()))(()), ()(())((()))()(), ()(())(()((()))), ()(())(()(()())), ()(())(()(())()), ()(())(()(()))(), ()(())(()()(())), ()(())(()()()()), ()(())(()()())(), ()(())(()())(()), ()(())(()())()(), ()(())(())((())), ()(())(())(()()), ()(())(())(())(), ()(())(())()(()), ()(())(())()()(), ()(())()(((()))), ()(())()((()())), ()(())()((())()), ()(())()((()))(), ()(())()(()(())), ()(())()(()()()), ()(())()(()())(), ()(())()(())(()), ()(())()(())()(), ()(())()()((())), ()(())()()(()()), ()(())()()(())(), ()(())()()()(()), ()(())()()()()(), ()()(((((()))))), ()()((((()())))), ()()((((())()))), ()()((((()))())), ()()((((())))()), ()()((((()))))(), ()()(((()(())))), ()()(((()()()))), ()()(((()())())), ()()(((()()))()), ()()(((()())))(), ()()(((())(()))), ()()(((())()())), ()()(((())())()), ()()(((())()))(), ()()(((()))(())), ()()(((()))()()), ()()(((()))())(), ()()(((())))(()), ()()(((())))()(), ()()((()((())))), ()()((()(()()))), ()()((()(())())), ()()((()(()))()), ()()((()(())))(), ()()((()()(()))), ()()((()()()())), ()()((()()())()), ()()((()()()))(), ()()((()())(())), ()()((()())()()), ()()((()())())(), ()()((()()))(()), ()()((()()))()(), ()()((())((()))), ()()((())(()())), ()()((())(())()), ()()((())(()))(), ()()((())()(())), ()()((())()()()), ()()((())()())(), ()()((())())(()), ()()((())())()(), ()()((()))((())), ()()((()))(()()), ()()((()))(())(), ()()((()))()(()), ()()((()))()()(), ()()(()(((())))), ()()(()((()()))), ()()(()((())())), ()()(()((()))()), ()()(()((())))(), ()()(()(()(()))), ()()(()(()()())), ()()(()(()())()), ()()(()(()()))(), ()()(()(())(())), ()()(()(())()()), ()()(()(())())(), ()()(()(()))(()), ()()(()(()))()(), ()()(()()((()))), ()()(()()(()())), ()()(()()(())()), ()()(()()(()))(), ()()(()()()(())), ()()(()()()()()), ()()(()()()())(), ()()(()()())(()), ()()(()()())()(), ()()(()())((())), ()()(()())(()()), ()()(()())(())(), ()()(()())()(()), ()()(()())()()(), ()()(())(((()))), ()()(())((()())), ()()(())((())()), ()()(())((()))(), ()()(())(()(())), ()()(())(()()()), ()()(())(()())(), ()()(())(())(()), ()()(())(())()(), ()()(())()((())), ()()(())()(()()), ()()(())()(())(), ()()(())()()(()), ()()(())()()()(), ()()()((((())))), ()()()(((()()))), ()()()(((())())), ()()()(((()))()), ()()()(((())))(), ()()()((()(()))), ()()()((()()())), ()()()((()())()), ()()()((()()))(), ()()()((())(())), ()()()((())()()), ()()()((())())(), ()()()((()))(()), ()()()((()))()(), ()()()(()((()))), ()()()(()(()())), ()()()(()(())()), ()()()(()(()))(), ()()()(()()(())), ()()()(()()()()), ()()()(()()())(), ()()()(()())(()), ()()()(()())()(), ()()()(())((())), ()()()(())(()()), ()()()(())(())(), ()()()(())()(()), ()()()(())()()(), ()()()()(((()))), ()()()()((()())), ()()()()((())()), ()()()()((()))(), ()()()()(()(())), ()()()()(()()()), ()()()()(()())(), ()()()()(())(()), ()()()()(())()(), ()()()()()((())), ()()()()()(()()), ()()()()()(())(), ()()()()()()(()), ()()()()()()()()]
]]></system-out>
  </testcase>
  <testcase name="rejectIllegalInput" classname="zest.GenerateParenthesesTest" time="0.011"/>
  <testcase name="testGenerateParenthesesForThree" classname="zest.GenerateParenthesesTest" time="0.003"/>
  <testcase name="testGenerateParenthesesForOne" classname="zest.GenerateParenthesesTest" time="0.004"/>
  <testcase name="testGenerateParenthesesForTwo" classname="zest.GenerateParenthesesTest" time="0.001"/>
  <testcase name="testGenerateParenthesesSizes" classname="zest.GenerateParenthesesTest" time="0.014"/>
</testsuite>